{"numFailedTestSuites":1,"numFailedTests":1,"numPassedTestSuites":0,"numPassedTests":2,"numPendingTestSuites":0,"numPendingTests":0,"numRuntimeErrorTestSuites":0,"numTodoTests":0,"numTotalTestSuites":1,"numTotalTests":3,"openHandles":[],"snapshot":{"added":0,"didUpdate":false,"failure":false,"filesAdded":0,"filesRemoved":0,"filesRemovedList":[],"filesUnmatched":0,"filesUpdated":0,"matched":0,"total":0,"unchecked":0,"uncheckedKeysByFile":[],"unmatched":0,"updated":0},"startTime":1772742503704,"success":false,"testResults":[{"assertionResults":[{"ancestorTitles":["API Route: analyze-resume"],"duration":17,"failureDetails":[],"failureMessages":[],"fullName":"API Route: analyze-resume should return 400 when no resume text is provided","invocations":1,"location":null,"numPassingAsserts":2,"retryReasons":[],"status":"passed","title":"should return 400 when no resume text is provided"},{"ancestorTitles":["API Route: analyze-resume"],"duration":8,"failureDetails":[],"failureMessages":[],"fullName":"API Route: analyze-resume should return analysis results when resume text is provided","invocations":1,"location":null,"numPassingAsserts":3,"retryReasons":[],"status":"passed","title":"should return analysis results when resume text is provided"},{"ancestorTitles":["API Route: analyze-resume"],"duration":5,"failureDetails":[{"matcherResult":{"message":"\u001b[2mexpect(\u001b[22m\u001b[31mreceived\u001b[39m\u001b[2m).\u001b[22mtoContain\u001b[2m(\u001b[22m\u001b[32mexpected\u001b[39m\u001b[2m) // indexOf\u001b[22m\n\nExpected value: \u001b[32m400\u001b[39m\nReceived array: \u001b[31m[500, 200]\u001b[39m","pass":false}}],"failureMessages":["Error: \u001b[2mexpect(\u001b[22m\u001b[31mreceived\u001b[39m\u001b[2m).\u001b[22mtoContain\u001b[2m(\u001b[22m\u001b[32mexpected\u001b[39m\u001b[2m) // indexOf\u001b[22m\n\nExpected value: \u001b[32m400\u001b[39m\nReceived array: \u001b[31m[500, 200]\u001b[39m\n    at Object.toContain (C:\\Users\\pstma\\OneDrive\\Documents\\myportfolio\\__tests__\\api\\analyze-resume.test.ts:87:28)"],"fullName":"API Route: analyze-resume should handle OpenAI error gracefully","invocations":1,"location":null,"numPassingAsserts":0,"retryReasons":[],"status":"failed","title":"should handle OpenAI error gracefully"}],"endTime":1772742505600,"message":"\u001b[1m\u001b[31m  \u001b[1m● \u001b[22m\u001b[1mAPI Route: analyze-resume › should handle OpenAI error gracefully\u001b[39m\u001b[22m\n\n    \u001b[2mexpect(\u001b[22m\u001b[31mreceived\u001b[39m\u001b[2m).\u001b[22mtoContain\u001b[2m(\u001b[22m\u001b[32mexpected\u001b[39m\u001b[2m) // indexOf\u001b[22m\n\n    Expected value: \u001b[32m400\u001b[39m\n    Received array: \u001b[31m[500, 200]\u001b[39m\n\u001b[2m\u001b[22m\n\u001b[2m    \u001b[0m \u001b[90m 85 |\u001b[39m         \u001b[90m// Either 500 or 200 with error depending on implementation\u001b[39m\u001b[22m\n\u001b[2m     \u001b[90m 86 |\u001b[39m         \u001b[90m// Let's check status\u001b[39m\u001b[22m\n\u001b[2m    \u001b[31m\u001b[1m>\u001b[22m\u001b[2m\u001b[39m\u001b[90m 87 |\u001b[39m         expect([\u001b[35m500\u001b[39m\u001b[33m,\u001b[39m \u001b[35m200\u001b[39m])\u001b[33m.\u001b[39mtoContain(res\u001b[33m.\u001b[39mstatus)\u001b[22m\n\u001b[2m     \u001b[90m    |\u001b[39m                            \u001b[31m\u001b[1m^\u001b[22m\u001b[2m\u001b[39m\u001b[22m\n\u001b[2m     \u001b[90m 88 |\u001b[39m         \u001b[36mconst\u001b[39m data \u001b[33m=\u001b[39m \u001b[36mawait\u001b[39m res\u001b[33m.\u001b[39mjson()\u001b[22m\n\u001b[2m     \u001b[90m 89 |\u001b[39m         \u001b[36mif\u001b[39m (res\u001b[33m.\u001b[39mstatus \u001b[33m===\u001b[39m \u001b[35m500\u001b[39m) {\u001b[22m\n\u001b[2m     \u001b[90m 90 |\u001b[39m             expect(data\u001b[33m.\u001b[39merror)\u001b[33m.\u001b[39mtoBeDefined()\u001b[0m\u001b[22m\n\u001b[2m\u001b[22m\n\u001b[2m      \u001b[2mat Object.toContain (\u001b[22m\u001b[2m\u001b[0m\u001b[36m__tests__/api/analyze-resume.test.ts\u001b[39m\u001b[0m\u001b[2m:87:28)\u001b[22m\u001b[2m\u001b[22m\n","name":"C:\\Users\\pstma\\OneDrive\\Documents\\myportfolio\\__tests__\\api\\analyze-resume.test.ts","startTime":1772742503803,"status":"failed","summary":""}],"wasInterrupted":false}
